  renderer.cpp
C:\Users\Maar\Documents\GTR_Framework-master_final\GTR_Framework-master\src\extra\cJSON.h(103,16): warning C4099: 'cJSON': nombre de tipo visto anteriormente usando 'class' ahora se ve usando 'struct'
  (compilando archivo de origen "../../src/pipeline/renderer.cpp")
  C:\Users\Maar\Documents\GTR_Framework-master_final\GTR_Framework-master\src\extra\cJSON.h(103,16):
  vea la declaración de 'cJSON'
  
C:\Users\Maar\Documents\GTR_Framework-master_final\GTR_Framework-master\src\pipeline\renderer.cpp(101,20): warning C4018: '<': no coinciden signed/unsigned
C:\Users\Maar\Documents\GTR_Framework-master_final\GTR_Framework-master\src\pipeline\renderer.cpp(157,20): warning C4018: '<': no coinciden signed/unsigned
C:\Users\Maar\Documents\GTR_Framework-master_final\GTR_Framework-master\src\pipeline\renderer.cpp(278,54): warning C4244: 'argumento': conversión de 'double' a 'T'; posible pérdida de datos
C:\Users\Maar\Documents\GTR_Framework-master_final\GTR_Framework-master\src\pipeline\renderer.cpp(278,54): warning C4244:         with
C:\Users\Maar\Documents\GTR_Framework-master_final\GTR_Framework-master\src\pipeline\renderer.cpp(278,54): warning C4244:         [
C:\Users\Maar\Documents\GTR_Framework-master_final\GTR_Framework-master\src\pipeline\renderer.cpp(278,54): warning C4244:             T=float
C:\Users\Maar\Documents\GTR_Framework-master_final\GTR_Framework-master\src\pipeline\renderer.cpp(278,54): warning C4244:         ]
C:\Users\Maar\Documents\GTR_Framework-master_final\GTR_Framework-master\src\pipeline\renderer.cpp(278,40): warning C4244: 'argumento': conversión de 'double' a 'T'; posible pérdida de datos
C:\Users\Maar\Documents\GTR_Framework-master_final\GTR_Framework-master\src\pipeline\renderer.cpp(278,40): warning C4244:         with
C:\Users\Maar\Documents\GTR_Framework-master_final\GTR_Framework-master\src\pipeline\renderer.cpp(278,40): warning C4244:         [
C:\Users\Maar\Documents\GTR_Framework-master_final\GTR_Framework-master\src\pipeline\renderer.cpp(278,40): warning C4244:             T=float
C:\Users\Maar\Documents\GTR_Framework-master_final\GTR_Framework-master\src\pipeline\renderer.cpp(278,40): warning C4244:         ]
C:\Users\Maar\Documents\GTR_Framework-master_final\GTR_Framework-master\src\pipeline\renderer.cpp(297,36): warning C4244: 'argumento': conversión de 'T' a 'int'; posible pérdida de datos
C:\Users\Maar\Documents\GTR_Framework-master_final\GTR_Framework-master\src\pipeline\renderer.cpp(297,36): warning C4244:         with
C:\Users\Maar\Documents\GTR_Framework-master_final\GTR_Framework-master\src\pipeline\renderer.cpp(297,36): warning C4244:         [
C:\Users\Maar\Documents\GTR_Framework-master_final\GTR_Framework-master\src\pipeline\renderer.cpp(297,36): warning C4244:             T=float
C:\Users\Maar\Documents\GTR_Framework-master_final\GTR_Framework-master\src\pipeline\renderer.cpp(297,36): warning C4244:         ]
C:\Users\Maar\Documents\GTR_Framework-master_final\GTR_Framework-master\src\pipeline\renderer.cpp(297,26): warning C4244: 'argumento': conversión de 'T' a 'int'; posible pérdida de datos
C:\Users\Maar\Documents\GTR_Framework-master_final\GTR_Framework-master\src\pipeline\renderer.cpp(297,26): warning C4244:         with
C:\Users\Maar\Documents\GTR_Framework-master_final\GTR_Framework-master\src\pipeline\renderer.cpp(297,26): warning C4244:         [
C:\Users\Maar\Documents\GTR_Framework-master_final\GTR_Framework-master\src\pipeline\renderer.cpp(297,26): warning C4244:             T=float
C:\Users\Maar\Documents\GTR_Framework-master_final\GTR_Framework-master\src\pipeline\renderer.cpp(297,26): warning C4244:         ]
C:\Users\Maar\Documents\GTR_Framework-master_final\GTR_Framework-master\src\pipeline\renderer.cpp(321,32): warning C4244: 'argumento': conversión de 'T' a 'int'; posible pérdida de datos
C:\Users\Maar\Documents\GTR_Framework-master_final\GTR_Framework-master\src\pipeline\renderer.cpp(321,32): warning C4244:         with
C:\Users\Maar\Documents\GTR_Framework-master_final\GTR_Framework-master\src\pipeline\renderer.cpp(321,32): warning C4244:         [
C:\Users\Maar\Documents\GTR_Framework-master_final\GTR_Framework-master\src\pipeline\renderer.cpp(321,32): warning C4244:             T=float
C:\Users\Maar\Documents\GTR_Framework-master_final\GTR_Framework-master\src\pipeline\renderer.cpp(321,32): warning C4244:         ]
C:\Users\Maar\Documents\GTR_Framework-master_final\GTR_Framework-master\src\pipeline\renderer.cpp(321,24): warning C4244: 'argumento': conversión de 'T' a 'int'; posible pérdida de datos
C:\Users\Maar\Documents\GTR_Framework-master_final\GTR_Framework-master\src\pipeline\renderer.cpp(321,24): warning C4244:         with
C:\Users\Maar\Documents\GTR_Framework-master_final\GTR_Framework-master\src\pipeline\renderer.cpp(321,24): warning C4244:         [
C:\Users\Maar\Documents\GTR_Framework-master_final\GTR_Framework-master\src\pipeline\renderer.cpp(321,24): warning C4244:             T=float
C:\Users\Maar\Documents\GTR_Framework-master_final\GTR_Framework-master\src\pipeline\renderer.cpp(321,24): warning C4244:         ]
C:\Users\Maar\Documents\GTR_Framework-master_final\GTR_Framework-master\src\pipeline\renderer.cpp(341,83): warning C4244: 'argumento': conversión de 'double' a 'T'; posible pérdida de datos
C:\Users\Maar\Documents\GTR_Framework-master_final\GTR_Framework-master\src\pipeline\renderer.cpp(341,83): warning C4244:         with
C:\Users\Maar\Documents\GTR_Framework-master_final\GTR_Framework-master\src\pipeline\renderer.cpp(341,83): warning C4244:         [
C:\Users\Maar\Documents\GTR_Framework-master_final\GTR_Framework-master\src\pipeline\renderer.cpp(341,83): warning C4244:             T=float
C:\Users\Maar\Documents\GTR_Framework-master_final\GTR_Framework-master\src\pipeline\renderer.cpp(341,83): warning C4244:         ]
C:\Users\Maar\Documents\GTR_Framework-master_final\GTR_Framework-master\src\pipeline\renderer.cpp(341,41): warning C4244: 'argumento': conversión de 'double' a 'T'; posible pérdida de datos
C:\Users\Maar\Documents\GTR_Framework-master_final\GTR_Framework-master\src\pipeline\renderer.cpp(341,41): warning C4244:         with
C:\Users\Maar\Documents\GTR_Framework-master_final\GTR_Framework-master\src\pipeline\renderer.cpp(341,41): warning C4244:         [
C:\Users\Maar\Documents\GTR_Framework-master_final\GTR_Framework-master\src\pipeline\renderer.cpp(341,41): warning C4244:             T=float
C:\Users\Maar\Documents\GTR_Framework-master_final\GTR_Framework-master\src\pipeline\renderer.cpp(341,41): warning C4244:         ]
C:\Users\Maar\Documents\GTR_Framework-master_final\GTR_Framework-master\src\pipeline\renderer.cpp(365,40): warning C4244: 'argumento': conversión de 'T' a 'int'; posible pérdida de datos
C:\Users\Maar\Documents\GTR_Framework-master_final\GTR_Framework-master\src\pipeline\renderer.cpp(365,40): warning C4244:         with
C:\Users\Maar\Documents\GTR_Framework-master_final\GTR_Framework-master\src\pipeline\renderer.cpp(365,40): warning C4244:         [
C:\Users\Maar\Documents\GTR_Framework-master_final\GTR_Framework-master\src\pipeline\renderer.cpp(365,40): warning C4244:             T=float
C:\Users\Maar\Documents\GTR_Framework-master_final\GTR_Framework-master\src\pipeline\renderer.cpp(365,40): warning C4244:         ]
C:\Users\Maar\Documents\GTR_Framework-master_final\GTR_Framework-master\src\pipeline\renderer.cpp(365,32): warning C4244: 'argumento': conversión de 'T' a 'int'; posible pérdida de datos
C:\Users\Maar\Documents\GTR_Framework-master_final\GTR_Framework-master\src\pipeline\renderer.cpp(365,32): warning C4244:         with
C:\Users\Maar\Documents\GTR_Framework-master_final\GTR_Framework-master\src\pipeline\renderer.cpp(365,32): warning C4244:         [
C:\Users\Maar\Documents\GTR_Framework-master_final\GTR_Framework-master\src\pipeline\renderer.cpp(365,32): warning C4244:             T=float
C:\Users\Maar\Documents\GTR_Framework-master_final\GTR_Framework-master\src\pipeline\renderer.cpp(365,32): warning C4244:         ]
C:\Users\Maar\Documents\GTR_Framework-master_final\GTR_Framework-master\src\pipeline\renderer.cpp(535,20): warning C4018: '<': no coinciden signed/unsigned
C:\Users\Maar\Documents\GTR_Framework-master_final\GTR_Framework-master\src\pipeline\renderer.cpp(678,10): warning C4244: 'inicializando': conversión de 'long' a 'float'; posible pérdida de datos
C:\Users\Maar\Documents\GTR_Framework-master_final\GTR_Framework-master\src\pipeline\renderer.cpp(810,10): warning C4244: 'inicializando': conversión de 'long' a 'float'; posible pérdida de datos
C:\Users\Maar\Documents\GTR_Framework-master_final\GTR_Framework-master\src\pipeline\renderer.cpp(970,53): warning C4244: 'argumento': conversión de 'double' a 'float'; posible pérdida de datos
C:\Users\Maar\Documents\GTR_Framework-master_final\GTR_Framework-master\src\pipeline\renderer.cpp(970,91): warning C4244: 'argumento': conversión de 'double' a 'float'; posible pérdida de datos
C:\Users\Maar\Documents\GTR_Framework-master_final\GTR_Framework-master\src\pipeline\renderer.cpp(993,54): warning C4244: 'argumento': conversión de 'double' a 'float'; posible pérdida de datos
C:\Users\Maar\Documents\GTR_Framework-master_final\GTR_Framework-master\src\pipeline\renderer.cpp(993,92): warning C4244: 'argumento': conversión de 'double' a 'float'; posible pérdida de datos
     Creando biblioteca ..\..\GTR.lib y objeto ..\..\GTR.exp
LINK : warning LNK4098: la biblioteca predeterminada'LIBCMT' entra en conflicto con otras bibliotecas; use la biblioteca /NODEFAULTLIB:biblioteca
  Generando código
  3 of 5907 functions (<0.1%) were compiled, the rest were copied from previous compilation.
    0 functions were new in current compilation
    75 functions had inline decision re-evaluated but remain unchanged
  Generación de código finalizada
glew32s.lib(glew.obj) : warning LNK4099: no se encontró PDB '' con 'glew32s.lib(glew.obj)' o en ''; se vinculará el objeto sin tener en cuenta información de depuración
  visualstudio.vcxproj -> C:\Users\Maar\Documents\GTR_Framework-master_final\GTR_Framework-master\GTR.exe
